This is pdfTeX, Version 3.141592653-2.6-1.40.28 (TeX Live 2025) (preloaded format=pdflatex 2026.1.16)  17 MAR 2026 15:37
entering extended mode
 restricted \write18 enabled.
 file:line:error style messages enabled.
 %&-line parsing enabled.
**c:/Users/filip/Desktop/Tesi/Tesi.tex
(c:/Users/filip/Desktop/Tesi/Tesi.tex
LaTeX2e <2025-11-01>
L3 programming layer <2025-12-29>
(c:/texlive/2025/texmf-dist/tex/latex/base/article.cls
Document Class: article 2025/01/22 v1.4n Standard LaTeX document class
(c:/texlive/2025/texmf-dist/tex/latex/base/size10.clo
File: size10.clo 2025/01/22 v1.4n Standard LaTeX file (size option)
)
\c@part=\count275
\c@section=\count276
\c@subsection=\count277
\c@subsubsection=\count278
\c@paragraph=\count279
\c@subparagraph=\count280
\c@figure=\count281
\c@table=\count282
\abovecaptionskip=\skip49
\belowcaptionskip=\skip50
\bibindent=\dimen148
) (c:/texlive/2025/texmf-dist/tex/latex/geometry/geometry.sty
Package: geometry 2020/01/02 v5.9 Page Geometry
 (c:/texlive/2025/texmf-dist/tex/latex/graphics/keyval.sty
Package: keyval 2022/05/29 v1.15 key=value parser (DPC)
\KV@toks@=\toks17
) (c:/texlive/2025/texmf-dist/tex/generic/iftex/ifvtex.sty
Package: ifvtex 2019/10/25 v1.7 ifvtex legacy package. Use iftex instead.
 (c:/texlive/2025/texmf-dist/tex/generic/iftex/iftex.sty
Package: iftex 2024/12/12 v1.0g TeX engine tests
))
\Gm@cnth=\count283
\Gm@cntv=\count284
\c@Gm@tempcnt=\count285
\Gm@bindingoffset=\dimen149
\Gm@wd@mp=\dimen150
\Gm@odd@mp=\dimen151
\Gm@even@mp=\dimen152
\Gm@layoutwidth=\dimen153
\Gm@layoutheight=\dimen154
\Gm@layouthoffset=\dimen155
\Gm@layoutvoffset=\dimen156
\Gm@dimlist=\toks18
) (c:/texlive/2025/texmf-dist/tex/latex/koma-script/scrextend.sty
Package: scrextend 2025/12/01 v3.49 KOMA-Script package (extend other classes with features of KOMA-Script classes)
 (c:/texlive/2025/texmf-dist/tex/latex/koma-script/scrkbase.sty
Package: scrkbase 2025/12/01 v3.49 KOMA-Script package (KOMA-Script-dependent basics and keyval usage)
 (c:/texlive/2025/texmf-dist/tex/latex/koma-script/scrbase.sty
Package: scrbase 2025/12/01 v3.49 KOMA-Script package (KOMA-Script-independent basics and keyval usage)
 (c:/texlive/2025/texmf-dist/tex/latex/koma-script/scrlfile.sty
Package: scrlfile 2025/12/01 v3.49 KOMA-Script package (file load hooks)
 (c:/texlive/2025/texmf-dist/tex/latex/koma-script/scrlfile-hook.sty
Package: scrlfile-hook 2025/12/01 v3.49 KOMA-Script package (using LaTeX hooks)
 (c:/texlive/2025/texmf-dist/tex/latex/koma-script/scrlogo.sty
Package: scrlogo 2025/12/01 v3.49 KOMA-Script package (logo)
)))
Applying: [2021/05/01] Usage of raw or classic option list on input line 254.
Already applied: [0000/00/00] Usage of raw or classic option list on input line 370.
)))
Package scrextend Info: File `scrsize12pt.clo' used to setup font sizes on input line 11.
 (c:/texlive/2025/texmf-dist/tex/latex/koma-script/scrsize12pt.clo
File: scrsize12pt.clo 2025/12/01 v3.49 KOMA-Script font size class option (12pt)
) (c:/texlive/2025/texmf-dist/tex/generic/babel/babel.sty
Package: babel 2025/12/30 v25.18 The multilingual framework for LuaLaTeX, pdfLaTeX and XeLaTeX
\babel@savecnt=\count286
LaTeX Encoding Info:    Redeclaring text command \ij (encoding OT1) on input line 2068.
LaTeX Encoding Info:    Redeclaring text command \IJ (encoding OT1) on input line 2070.
LaTeX Encoding Info:    Redeclaring text command \ij (encoding T1) on input line 2072.
LaTeX Encoding Info:    Redeclaring text command \IJ (encoding T1) on input line 2073.
LaTeX Encoding Info:    Ignoring declaration for text command \ij (encoding ?) on input line 2074.
LaTeX Encoding Info:    Ignoring declaration for text command \IJ (encoding ?) on input line 2076.
LaTeX Encoding Info:    Ignoring declaration for text command \SS (encoding ?) on input line 2101.
\U@D=\dimen157
\l@unhyphenated=\language90
 (c:/texlive/2025/texmf-dist/tex/generic/babel/txtbabel.def)
\bbl@readstream=\read2
\bbl@dirlevel=\count287
 (c:/texlive/2025/texmf-dist/tex/generic/babel/locale/en/babel-english.tex) (c:/texlive/2025/texmf-dist/tex/generic/babel/locale/it/babel-italian.tex)
Package babel Info: Importing font and identification data for english
(babel)             from babel-en.ini. Reported on input line 4321.
 (c:/texlive/2025/texmf-dist/tex/generic/babel-english/english.ldf
Language: english 2017/06/06 v3.3r English support from the babel system
Package babel Info: Hyphen rules for 'canadian' set to \l@english
(babel)             (\language0). Reported on input line 102.
Package babel Info: Hyphen rules for 'australian' set to \l@ukenglish
(babel)             (\language22). Reported on input line 105.
Package babel Info: Hyphen rules for 'newzealand' set to \l@ukenglish
(babel)             (\language22). Reported on input line 108.
)
Package babel Info: Importing font and identification data for italian
(babel)             from babel-it.ini. Reported on input line 4321.
 (c:/texlive/2025/texmf-dist/tex/generic/babel-italian/italian.ldf
Language: italian 2026/01/13 v.1.5.02 Italian support for the babel system
\it@lettering=\count288
\it@doublequoteactive=\count289
\it@ISOcompliance=\count290
)) (c:/texlive/2025/texmf-dist/tex/latex/etoolbox/etoolbox.sty
Package: etoolbox 2025/10/02 v2.5m e-TeX tools for LaTeX (JAW)
\etb@tempcnta=\count291
) (c:/texlive/2025/texmf-dist/tex/latex/base/inputenc.sty
Package: inputenc 2024/02/08 v1.3d Input encoding file
\inpenc@prehook=\toks19
\inpenc@posthook=\toks20
) (c:/texlive/2025/texmf-dist/tex/latex/base/fontenc.sty
Package: fontenc 2025/07/18 v2.1d Standard LaTeX package
) (c:/texlive/2025/texmf-dist/tex/latex/lipsum/lipsum.sty (c:/texlive/2025/texmf-dist/tex/latex/l3packages/l3keys2e/l3keys2e.sty (c:/texlive/2025/texmf-dist/tex/latex/l3kernel/expl3.sty
Package: expl3 2025-12-29 L3 programming layer (loader) 
 (c:/texlive/2025/texmf-dist/tex/latex/l3backend/l3backend-pdftex.def
File: l3backend-pdftex.def 2025-10-09 L3 backend support: PDF output (pdfTeX)
\l__color_backend_stack_int=\count292
))
Package: l3keys2e 2025-10-09 LaTeX2e option processing using LaTeX3 keys
)
Package: lipsum 2021-09-20 v2.7 150 paragraphs of Lorem Ipsum dummy text
\g__lipsum_par_int=\count293
\l__lipsum_a_int=\count294
\l__lipsum_b_int=\count295
 (c:/texlive/2025/texmf-dist/tex/latex/lipsum/lipsum.ltd.tex)) (c:/texlive/2025/texmf-dist/tex/latex/graphics/rotating.sty
Package: rotating 2025/01/14 v2.16e rotated objects in LaTeX
 (c:/texlive/2025/texmf-dist/tex/latex/graphics/graphicx.sty
Package: graphicx 2024/12/31 v1.2e Enhanced LaTeX Graphics (DPC,SPQR)
 (c:/texlive/2025/texmf-dist/tex/latex/graphics/graphics.sty
Package: graphics 2024/08/06 v1.4g Standard LaTeX Graphics (DPC,SPQR)
 (c:/texlive/2025/texmf-dist/tex/latex/graphics/trig.sty
Package: trig 2023/12/02 v1.11 sin cos tan (DPC)
) (c:/texlive/2025/texmf-dist/tex/latex/graphics-cfg/graphics.cfg
File: graphics.cfg 2016/06/04 v1.11 sample graphics configuration
)
Package graphics Info: Driver file: pdftex.def on input line 106.
 (c:/texlive/2025/texmf-dist/tex/latex/graphics-def/pdftex.def
File: pdftex.def 2025/09/29 v1.2d Graphics/color driver for pdftex
))
\Gin@req@height=\dimen158
\Gin@req@width=\dimen159
) (c:/texlive/2025/texmf-dist/tex/latex/base/ifthen.sty
Package: ifthen 2024/03/16 v1.1e Standard LaTeX ifthen package (DPC)
)
\c@r@tfl@t=\count296
\rotFPtop=\skip51
\rotFPbot=\skip52
\rot@float@box=\box53
\rot@mess@toks=\toks21
) (c:/texlive/2025/texmf-dist/tex/latex/amsfonts/amssymb.sty
Package: amssymb 2013/01/14 v3.01 AMS font symbols
 (c:/texlive/2025/texmf-dist/tex/latex/amsfonts/amsfonts.sty
Package: amsfonts 2013/01/14 v3.01 Basic AMSFonts support
\@emptytoks=\toks22
\symAMSa=\mathgroup4
\symAMSb=\mathgroup5
LaTeX Font Info:    Redeclaring math symbol \hbar on input line 98.
LaTeX Font Info:    Overwriting math alphabet `\mathfrak' in version `bold'
(Font)                  U/euf/m/n --> U/euf/b/n on input line 106.
)) (c:/texlive/2025/texmf-dist/tex/latex/amsmath/amsmath.sty
Package: amsmath 2025/07/09 v2.17z AMS math features
\@mathmargin=\skip53

For additional information on amsmath, use the `?' option.
(c:/texlive/2025/texmf-dist/tex/latex/amsmath/amstext.sty
Package: amstext 2024/11/17 v2.01 AMS text
 (c:/texlive/2025/texmf-dist/tex/latex/amsmath/amsgen.sty
File: amsgen.sty 1999/11/30 v2.0 generic functions
\@emptytoks=\toks23
\ex@=\dimen160
)) (c:/texlive/2025/texmf-dist/tex/latex/amsmath/amsbsy.sty
Package: amsbsy 1999/11/29 v1.2d Bold Symbols
\pmbraise@=\dimen161
) (c:/texlive/2025/texmf-dist/tex/latex/amsmath/amsopn.sty
Package: amsopn 2022/04/08 v2.04 operator names
)
\inf@bad=\count297
LaTeX Info: Redefining \frac on input line 233.
\uproot@=\count298
\leftroot@=\count299
LaTeX Info: Redefining \overline on input line 398.
LaTeX Info: Redefining \colon on input line 409.
\classnum@=\count300
\DOTSCASE@=\count301
LaTeX Info: Redefining \ldots on input line 495.
LaTeX Info: Redefining \dots on input line 498.
LaTeX Info: Redefining \cdots on input line 619.
\Mathstrutbox@=\box54
\strutbox@=\box55
LaTeX Info: Redefining \big on input line 721.
LaTeX Info: Redefining \Big on input line 722.
LaTeX Info: Redefining \bigg on input line 723.
LaTeX Info: Redefining \Bigg on input line 724.
\big@size=\dimen162
LaTeX Font Info:    Redeclaring font encoding OML on input line 742.
LaTeX Font Info:    Redeclaring font encoding OMS on input line 743.
\macc@depth=\count302
LaTeX Info: Redefining \bmod on input line 904.
LaTeX Info: Redefining \pmod on input line 909.
LaTeX Info: Redefining \smash on input line 939.
LaTeX Info: Redefining \relbar on input line 969.
LaTeX Info: Redefining \Relbar on input line 970.
\c@MaxMatrixCols=\count303
\dotsspace@=\muskip17
\c@parentequation=\count304
\dspbrk@lvl=\count305
\tag@help=\toks24
\row@=\count306
\column@=\count307
\maxfields@=\count308
\andhelp@=\toks25
\eqnshift@=\dimen163
\alignsep@=\dimen164
\tagshift@=\dimen165
\tagwidth@=\dimen166
\totwidth@=\dimen167
\lineht@=\dimen168
\@envbody=\toks26
\multlinegap=\skip54
\multlinetaggap=\skip55
\mathdisplay@stack=\toks27
LaTeX Info: Redefining \[ on input line 2950.
LaTeX Info: Redefining \] on input line 2951.
) (c:/texlive/2025/texmf-dist/tex/latex/amscls/amsthm.sty
Package: amsthm 2020/05/29 v2.20.6
\thm@style=\toks28
\thm@bodyfont=\toks29
\thm@headfont=\toks30
\thm@notefont=\toks31
\thm@headpunct=\toks32
\thm@preskip=\skip56
\thm@postskip=\skip57
\thm@headsep=\skip58
\dth@everypar=\toks33
) (c:/texlive/2025/texmf-dist/tex/latex/float/float.sty
Package: float 2001/11/08 v1.3d Float enhancements (AL)
\c@float@type=\count309
\float@exts=\toks34
\float@box=\box56
\@float@everytoks=\toks35
\@floatcapt=\box57
) (c:/texlive/2025/texmf-dist/tex/latex/xcolor/xcolor.sty
Package: xcolor 2024/09/29 v3.02 LaTeX color extensions (UK)
 (c:/texlive/2025/texmf-dist/tex/latex/graphics-cfg/color.cfg
File: color.cfg 2016/01/02 v1.6 sample color configuration
)
Package xcolor Info: Driver file: pdftex.def on input line 274.
 (c:/texlive/2025/texmf-dist/tex/latex/graphics/mathcolor.ltx)
Package xcolor Info: Model `cmy' substituted by `cmy0' on input line 1349.
Package xcolor Info: Model `hsb' substituted by `rgb' on input line 1353.
Package xcolor Info: Model `RGB' extended on input line 1365.
Package xcolor Info: Model `HTML' substituted by `rgb' on input line 1367.
Package xcolor Info: Model `Hsb' substituted by `hsb' on input line 1368.
Package xcolor Info: Model `tHsb' substituted by `hsb' on input line 1369.
Package xcolor Info: Model `HSB' substituted by `hsb' on input line 1370.
Package xcolor Info: Model `Gray' substituted by `gray' on input line 1371.
Package xcolor Info: Model `wave' substituted by `hsb' on input line 1372.
) (c:/texlive/2025/texmf-dist/tex/latex/colortbl/colortbl.sty
Package: colortbl 2024/10/29 v1.0k Color table columns (DPC)
 (c:/texlive/2025/texmf-dist/tex/latex/tools/array.sty
Package: array 2025/09/25 v2.6n Tabular extension package (FMi)
\col@sep=\dimen169
\ar@mcellbox=\box58
\extrarowheight=\dimen170
\NC@list=\toks36
\extratabsurround=\skip59
\backup@length=\skip60
\ar@cellbox=\box59
)
\everycr=\toks37
\minrowclearance=\skip61
\rownum=\count310
) (c:/texlive/2025/texmf-dist/tex/latex/graphics/dvipsnam.def
File: dvipsnam.def 2016/06/17 v3.0m Driver-dependent file (DPC,SPQR)
) (c:/texlive/2025/texmf-dist/tex/latex/listings/listings.sty
\lst@mode=\count311
\lst@gtempboxa=\box60
\lst@token=\toks38
\lst@length=\count312
\lst@currlwidth=\dimen171
\lst@column=\count313
\lst@pos=\count314
\lst@lostspace=\dimen172
\lst@width=\dimen173
\lst@newlines=\count315
\lst@lineno=\count316
\lst@maxwidth=\dimen174
 (c:/texlive/2025/texmf-dist/tex/latex/listings/lstpatch.sty
File: lstpatch.sty 2025/11/14 1.11b (Carsten Heinz)
) (c:/texlive/2025/texmf-dist/tex/latex/listings/lstmisc.sty
File: lstmisc.sty 2025/11/14 1.11b (Carsten Heinz)
\c@lstnumber=\count317
\lst@skipnumbers=\count318
\lst@framebox=\box61
) (c:/texlive/2025/texmf-dist/tex/latex/listings/listings.cfg
File: listings.cfg 2025/11/14 1.11b listings configuration
))
Package: listings 2025/11/14 1.11b (Carsten Heinz)

==> First Aid for listings.sty no longer applied!
    Expected:
        2024/09/23 1.10c (Carsten Heinz)
    but found:
        2025/11/14 1.11b (Carsten Heinz)
    so I'm assuming it got fixed.
(c:/texlive/2025/texmf-dist/tex/latex/hyperref/hyperref.sty
Package: hyperref 2025-07-12 v7.01o Hypertext links for LaTeX
 (c:/texlive/2025/texmf-dist/tex/latex/kvsetkeys/kvsetkeys.sty
Package: kvsetkeys 2022-10-05 v1.19 Key value parser (HO)
) (c:/texlive/2025/texmf-dist/tex/generic/kvdefinekeys/kvdefinekeys.sty
Package: kvdefinekeys 2019-12-19 v1.6 Define keys (HO)
) (c:/texlive/2025/texmf-dist/tex/generic/pdfescape/pdfescape.sty
Package: pdfescape 2019/12/09 v1.15 Implements pdfTeX's escape features (HO)
 (c:/texlive/2025/texmf-dist/tex/generic/ltxcmds/ltxcmds.sty
Package: ltxcmds 2023-12-04 v1.26 LaTeX kernel commands for general use (HO)
) (c:/texlive/2025/texmf-dist/tex/generic/pdftexcmds/pdftexcmds.sty
Package: pdftexcmds 2020-06-27 v0.33 Utility functions of pdfTeX for LuaTeX (HO)
 (c:/texlive/2025/texmf-dist/tex/generic/infwarerr/infwarerr.sty
Package: infwarerr 2019/12/03 v1.5 Providing info/warning/error messages (HO)
)
Package pdftexcmds Info: \pdf@primitive is available.
Package pdftexcmds Info: \pdf@ifprimitive is available.
Package pdftexcmds Info: \pdfdraftmode found.
)) (c:/texlive/2025/texmf-dist/tex/latex/hycolor/hycolor.sty
Package: hycolor 2020-01-27 v1.10 Color options for hyperref/bookmark (HO)
) (c:/texlive/2025/texmf-dist/tex/latex/hyperref/nameref.sty
Package: nameref 2025-06-21 v2.57 Cross-referencing by name of section
 (c:/texlive/2025/texmf-dist/tex/latex/refcount/refcount.sty
Package: refcount 2019/12/15 v3.6 Data extraction from label references (HO)
) (c:/texlive/2025/texmf-dist/tex/generic/gettitlestring/gettitlestring.sty
Package: gettitlestring 2019/12/15 v1.6 Cleanup title references (HO)
 (c:/texlive/2025/texmf-dist/tex/latex/kvoptions/kvoptions.sty
Package: kvoptions 2022-06-15 v3.15 Key value format for package options (HO)
))
\c@section@level=\count319
) (c:/texlive/2025/texmf-dist/tex/generic/stringenc/stringenc.sty
Package: stringenc 2019/11/29 v1.12 Convert strings between diff. encodings (HO)
)
\@linkdim=\dimen175
\Hy@linkcounter=\count320
\Hy@pagecounter=\count321
 (c:/texlive/2025/texmf-dist/tex/latex/hyperref/pd1enc.def
File: pd1enc.def 2025-07-12 v7.01o Hyperref: PDFDocEncoding definition (HO)
Now handling font encoding PD1 ...
... no UTF-8 mapping file for font encoding PD1
) (c:/texlive/2025/texmf-dist/tex/generic/intcalc/intcalc.sty
Package: intcalc 2019/12/15 v1.3 Expandable calculations with integers (HO)
)
\Hy@SavedSpaceFactor=\count322
 (c:/texlive/2025/texmf-dist/tex/latex/hyperref/puenc.def
File: puenc.def 2025-07-12 v7.01o Hyperref: PDF Unicode definition (HO)
Now handling font encoding PU ...
... no UTF-8 mapping file for font encoding PU
)
Package hyperref Info: Hyper figures OFF on input line 4195.
Package hyperref Info: Link nesting OFF on input line 4200.
Package hyperref Info: Hyper index ON on input line 4203.
Package hyperref Info: Plain pages OFF on input line 4210.
Package hyperref Info: Backreferencing OFF on input line 4215.
Package hyperref Info: Implicit mode ON; LaTeX internals redefined.
Package hyperref Info: Bookmarks ON on input line 4462.
\c@Hy@tempcnt=\count323
 (c:/texlive/2025/texmf-dist/tex/latex/url/url.sty
\Urlmuskip=\muskip18
Package: url 2013/09/16  ver 3.4  Verb mode for urls, etc.
)
LaTeX Info: Redefining \url on input line 4801.
\XeTeXLinkMargin=\dimen176
 (c:/texlive/2025/texmf-dist/tex/generic/bitset/bitset.sty
Package: bitset 2019/12/09 v1.3 Handle bit-vector datatype (HO)
 (c:/texlive/2025/texmf-dist/tex/generic/bigintcalc/bigintcalc.sty
Package: bigintcalc 2019/12/15 v1.5 Expandable calculations on big integers (HO)
))
\Fld@menulength=\count324
\Field@Width=\dimen177
\Fld@charsize=\dimen178
Package hyperref Info: Hyper figures OFF on input line 6078.
Package hyperref Info: Link nesting OFF on input line 6083.
Package hyperref Info: Hyper index ON on input line 6086.
Package hyperref Info: backreferencing OFF on input line 6093.
Package hyperref Info: Link coloring OFF on input line 6098.
Package hyperref Info: Link coloring with OCG OFF on input line 6103.
Package hyperref Info: PDF/A mode OFF on input line 6108.
\Hy@abspage=\count325
\c@Item=\count326
\c@Hfootnote=\count327
)
Package hyperref Info: Driver (autodetected): hpdftex.
 (c:/texlive/2025/texmf-dist/tex/latex/hyperref/hpdftex.def
File: hpdftex.def 2025-07-12 v7.01o Hyperref driver for pdfTeX
\Fld@listcount=\count328
\c@bookmark@seq@number=\count329
 (c:/texlive/2025/texmf-dist/tex/latex/rerunfilecheck/rerunfilecheck.sty
Package: rerunfilecheck 2025-06-21 v1.11 Rerun checks for auxiliary files (HO)
 (c:/texlive/2025/texmf-dist/tex/generic/uniquecounter/uniquecounter.sty
Package: uniquecounter 2019/12/15 v1.4 Provide unlimited unique counter (HO)
)
Package uniquecounter Info: New unique counter `rerunfilecheck' on input line 284.
)
\Hy@SectionHShift=\skip62
) (c:/texlive/2025/texmf-dist/tex/generic/ulem/ulem.sty
\UL@box=\box62
\UL@hyphenbox=\box63
\UL@skip=\skip63
\UL@hook=\toks39
\UL@height=\dimen179
\UL@pe=\count330
\UL@pixel=\dimen180
\ULC@box=\box64
Package: ulem 2019/11/18
\ULdepth=\dimen181
) (c:/texlive/2025/texmf-dist/tex/latex/adjustbox/adjustbox.sty
Package: adjustbox 2025/02/26 v1.3c Adjusting TeX boxes (trim, clip, ...)
 (c:/texlive/2025/texmf-dist/tex/latex/xkeyval/xkeyval.sty
Package: xkeyval 2025/11/04 v2.10 package option processing (HA)
 (c:/texlive/2025/texmf-dist/tex/generic/xkeyval/xkeyval.tex (c:/texlive/2025/texmf-dist/tex/generic/xkeyval/xkvutils.tex
\XKV@toks=\toks40
\XKV@tempa@toks=\toks41
\XKV@tempb@toks=\toks42
)
\XKV@depth=\count331
File: xkeyval.tex 2014/12/03 v2.7a key=value parser (HA)
)) (c:/texlive/2025/texmf-dist/tex/latex/adjustbox/adjcalc.sty
Package: adjcalc 2012/05/16 v1.1 Provides advanced setlength with multiple back-ends (calc, etex, pgfmath)
) (c:/texlive/2025/texmf-dist/tex/latex/adjustbox/trimclip.sty
Package: trimclip 2025/02/21 v1.2a Trim and clip general TeX material
 (c:/texlive/2025/texmf-dist/tex/latex/collectbox/collectbox.sty
Package: collectbox 2022/10/17 v0.4c Collect macro arguments as boxes
\collectedbox=\box65
)
\tc@llx=\dimen182
\tc@lly=\dimen183
\tc@urx=\dimen184
\tc@ury=\dimen185
Package trimclip Info: Using driver 'tc-pdftex.def'.
 (c:/texlive/2025/texmf-dist/tex/latex/adjustbox/tc-pdftex.def
File: tc-pdftex.def 2025/02/26 v2.3 Clipping driver for pdftex
))
\adjbox@Width=\dimen186
\adjbox@Height=\dimen187
\adjbox@Depth=\dimen188
\adjbox@Totalheight=\dimen189
\adjbox@pwidth=\dimen190
\adjbox@pheight=\dimen191
\adjbox@pdepth=\dimen192
\adjbox@ptotalheight=\dimen193
 (c:/texlive/2025/texmf-dist/tex/latex/ifoddpage/ifoddpage.sty
Package: ifoddpage 2022/10/18 v1.2 Conditionals for odd/even page detection
\c@checkoddpage=\count332
) (c:/texlive/2025/texmf-dist/tex/latex/varwidth/varwidth.sty
Package: varwidth 2009/03/30 ver 0.92;  Variable-width minipages
\@vwid@box=\box66
\sift@deathcycles=\count333
\@vwid@loff=\dimen194
\@vwid@roff=\dimen195
)
==> First Aid for varwidth.sty applied!
) (c:/texlive/2025/texmf-dist/tex/latex/caption/caption.sty
Package: caption 2023/08/05 v3.6o Customizing captions (AR)
 (c:/texlive/2025/texmf-dist/tex/latex/caption/caption3.sty
Package: caption3 2023/07/31 v2.4d caption3 kernel (AR)
\caption@tempdima=\dimen196
\captionmargin=\dimen197
\caption@leftmargin=\dimen198
\caption@rightmargin=\dimen199
\caption@width=\dimen256
\caption@indent=\dimen257
\caption@parindent=\dimen258
\caption@hangindent=\dimen259
Package caption Info: Standard document class detected.
)
\c@caption@flags=\count334
\c@continuedfloat=\count335
Package caption Info: float package is loaded.
Package caption Info: hyperref package is loaded.
Package caption Info: listings package is loaded.
Package caption Info: rotating package is loaded.
Package caption Info: scrextend package is loaded.
\caption@addmargin@hsize=\dimen260
\caption@addmargin@linewidth=\dimen261
) (c:/texlive/2025/texmf-dist/tex/latex/caption/subcaption.sty
Package: subcaption 2023/07/28 v1.6b Sub-captions (AR)
Package caption Info: New subtype `subfigure' on input line 238.
\c@subfigure=\count336
Package caption Info: New subtype `subtable' on input line 238.
\c@subtable=\count337
) (c:/texlive/2025/texmf-dist/tex/latex/tools/afterpage.sty
Package: afterpage 2023/07/04 v1.08 After-Page Package (DPC)
\AP@output=\toks43
\AP@partial=\box67
\AP@footins=\box68
) (c:/texlive/2025/texmf-dist/tex/latex/fancyhdr/fancyhdr.sty
Package: fancyhdr 2025/02/07 v5.2 Extensive control of page headers and footers
\f@nch@headwidth=\skip64
\f@nch@offset@elh=\skip65
\f@nch@offset@erh=\skip66
\f@nch@offset@olh=\skip67
\f@nch@offset@orh=\skip68
\f@nch@offset@elf=\skip69
\f@nch@offset@erf=\skip70
\f@nch@offset@olf=\skip71
\f@nch@offset@orf=\skip72
\f@nch@height=\skip73
\f@nch@footalignment=\skip74
\f@nch@widthL=\skip75
\f@nch@widthC=\skip76
\f@nch@widthR=\skip77
\@temptokenb=\toks44
) (c:/texlive/2025/texmf-dist/tex/latex/tools/indentfirst.sty
Package: indentfirst 2023/07/02 v1.03 Indent first paragraph (DPC)
)
Package hyperref Info: Option `colorlinks' set `true' on input line 161.
\c@definition=\count338
\c@theorem=\count339
 (./Tesi.aux)
\openout1 = `Tesi.aux'.

LaTeX Font Info:    Checking defaults for OML/cmm/m/it on input line 182.
LaTeX Font Info:    ... okay on input line 182.
LaTeX Font Info:    Checking defaults for OMS/cmsy/m/n on input line 182.
LaTeX Font Info:    ... okay on input line 182.
LaTeX Font Info:    Checking defaults for OT1/cmr/m/n on input line 182.
LaTeX Font Info:    ... okay on input line 182.
LaTeX Font Info:    Checking defaults for T1/cmr/m/n on input line 182.
LaTeX Font Info:    ... okay on input line 182.
LaTeX Font Info:    Checking defaults for TS1/cmr/m/n on input line 182.
LaTeX Font Info:    ... okay on input line 182.
LaTeX Font Info:    Checking defaults for OMX/cmex/m/n on input line 182.
LaTeX Font Info:    ... okay on input line 182.
LaTeX Font Info:    Checking defaults for U/cmr/m/n on input line 182.
LaTeX Font Info:    ... okay on input line 182.
LaTeX Font Info:    Checking defaults for PD1/pdf/m/n on input line 182.
LaTeX Font Info:    ... okay on input line 182.
LaTeX Font Info:    Checking defaults for PU/pdf/m/n on input line 182.
LaTeX Font Info:    ... okay on input line 182.

*geometry* driver: auto-detecting
*geometry* detected driver: pdftex
*geometry* verbose mode - [ preamble ] result:
* driver: pdftex
* paper: a4paper
* layout: <same size as paper>
* layoutoffset:(h,v)=(0.0pt,0.0pt)
* modes: twoside 
* h-part:(L,W,R)=(71.13188pt, 441.01773pt, 85.35826pt)
* v-part:(T,H,B)=(71.13188pt, 702.78308pt, 71.13188pt)
* \paperwidth=597.50787pt
* \paperheight=845.04684pt
* \textwidth=441.01773pt
* \textheight=702.78308pt
* \oddsidemargin=-1.1381pt
* \evensidemargin=13.08827pt
* \topmargin=-38.1381pt
* \headheight=14.5pt
* \headsep=25.0pt
* \topskip=10.0pt
* \footskip=30.0pt
* \marginparwidth=111.0pt
* \marginparsep=11.0pt
* \columnsep=10.0pt
* \skip\footins=10.8pt plus 4.0pt minus 2.0pt
* \hoffset=0.0pt
* \voffset=0.0pt
* \mag=1000
* \@twocolumnfalse
* \@twosidetrue
* \@mparswitchtrue
* \@reversemarginfalse
* (1in=72.27pt=25.4mm, 1cm=28.453pt)

LaTeX Info: Redefining \it@ocap on input line 182.
LaTeX Info: Redefining \it@ccap on input line 182.
(c:/texlive/2025/texmf-dist/tex/context/base/mkii/supp-pdf.mkii
[Loading MPS to PDF converter (version 2006.09.02).]
\scratchcounter=\count340
\scratchdimen=\dimen262
\scratchbox=\box69
\nofMPsegments=\count341
\nofMParguments=\count342
\everyMPshowfont=\toks45
\MPscratchCnt=\count343
\MPscratchDim=\dimen263
\MPnumerator=\count344
\makeMPintoPDFobject=\count345
\everyMPtoPDFconversion=\toks46
) (c:/texlive/2025/texmf-dist/tex/latex/epstopdf-pkg/epstopdf-base.sty
Package: epstopdf-base 2020-01-24 v2.11 Base part for package epstopdf
Package epstopdf-base Info: Redefining graphics rule for `.eps' on input line 485.
 (c:/texlive/2025/texmf-dist/tex/latex/latexconfig/epstopdf-sys.cfg
File: epstopdf-sys.cfg 2010/07/13 v1.3 Configuration of (r)epstopdf for TeX Live
))
\c@lstlisting=\count346
Package hyperref Info: Link coloring ON on input line 182.
 (./Tesi.out) (./Tesi.out)
\@outlinefile=\write3
\openout3 = `Tesi.out'.

Package caption Info: Begin \AtBeginDocument code.
Package caption Info: End \AtBeginDocument code.
<Images/Frontespizio/Cherubino.jpg, id=184, 287.0725pt x 293.095pt>
File: Images/Frontespizio/Cherubino.jpg Graphic file (type jpg)
<use Images/Frontespizio/Cherubino.jpg>
Package pdftex.def Info: Images/Frontespizio/Cherubino.jpg  used on input line 189.
(pdftex.def)             Requested size: 143.53589pt x 146.54713pt.
 [1

{c:/texlive/2025/texmf-var/fonts/map/pdftex/updmap/pdftex.map}{c:/texlive/2025/texmf-dist/fonts/enc/dvips/cm-super/cm-super-t1.enc} <./Images/Frontespizio/Cherubino.jpg>] (./Tesi.toc
LaTeX Font Info:    Trying to load font information for U+msa on input line 4.
 (c:/texlive/2025/texmf-dist/tex/latex/amsfonts/umsa.fd
File: umsa.fd 2013/01/14 v3.01 AMS symbols A
)
LaTeX Font Info:    Trying to load font information for U+msb on input line 4.
 (c:/texlive/2025/texmf-dist/tex/latex/amsfonts/umsb.fd
File: umsb.fd 2013/01/14 v3.01 AMS symbols B
) [2])
\tf@toc=\write4
\openout4 = `Tesi.toc'.

 [3] (./Tesi.lof [4{c:/texlive/2025/texmf-dist/fonts/enc/dvips/cm-super/cm-super-ts1.enc}])
\tf@lof=\write5
\openout5 = `Tesi.lof'.

 [5] [0]
pdfTeX warning (ext4): destination with the same identifier (name{page.1}) has been already used, duplicate ignored
<to be read again> 
                   \relax 
l.263     \newpage
                   [1]
pdfTeX warning (ext4): destination with the same identifier (name{page.2}) has been already used, duplicate ignored
<to be read again> 
                   \relax 
l.293     \item 1
                 - precisa e accurata: i valori misurati sono vicini al valo... [2]
<Images/Capitolo_1/precisione_accuratezza.png, id=370, 1230.09563pt x 404.26031pt>
File: Images/Capitolo_1/precisione_accuratezza.png Graphic file (type png)
<use Images/Capitolo_1/precisione_accuratezza.png>
Package pdftex.def Info: Images/Capitolo_1/precisione_accuratezza.png  used on input line 302.
(pdftex.def)             Requested size: 352.81552pt x 115.94943pt.

pdfTeX warning (ext4): destination with the same identifier (name{page.3}) has been already used, duplicate ignored
<to be read again> 
                   \relax 
l.321 ...cciabilità metrologica della misura.\par
                                                   [3 <./Images/Capitolo_1/precisione_accuratezza.png>]
pdfTeX warning (ext4): destination with the same identifier (name{page.4}) has been already used, duplicate ignored
<to be read again> 
                   \relax 
l.351 
       [4]
pdfTeX warning (ext4): destination with the same identifier (name{page.5}) has been already used, duplicate ignored
<to be read again> 
                   \relax 
l.388 ...A} e l'incertezza di \textbf{tipo B}.\par
                                                   [5] [6] [7] [8] [9] [10] [11]
<Images/Capitolo_2/RENK.png, id=434, 214.55156pt x 285.31593pt>
File: Images/Capitolo_2/RENK.png Graphic file (type png)
<use Images/Capitolo_2/RENK.png>
Package pdftex.def Info: Images/Capitolo_2/RENK.png  used on input line 564.
(pdftex.def)             Requested size: 264.61333pt x 351.92041pt.
<Images/Capitolo_2/Architettura del RENK.png, id=435, 785.93625pt x 492.33937pt>
File: Images/Capitolo_2/Architettura del RENK.png Graphic file (type png)
<use Images/Capitolo_2/Architettura del RENK.png>
Package pdftex.def Info: Images/Capitolo_2/Architettura del RENK.png  used on input line 571.
(pdftex.def)             Requested size: 441.01773pt x 276.2791pt.
 [12 <./Images/Capitolo_2/RENK.png>]
<Images/Capitolo_2/RENK_lato sinistro_motori.jpg, id=442, 375.147pt x 210.5685pt>
File: Images/Capitolo_2/RENK_lato sinistro_motori.jpg Graphic file (type jpg)
<use Images/Capitolo_2/RENK_lato sinistro_motori.jpg>
Package pdftex.def Info: Images/Capitolo_2/RENK_lato sinistro_motori.jpg  used on input line 580.
(pdftex.def)             Requested size: 352.81552pt x 198.04364pt.
<Images/Capitolo_2/RENK_lato destro_TA.jpg, id=443, 284.56313pt x 241.65282pt>
File: Images/Capitolo_2/RENK_lato destro_TA.jpg Graphic file (type jpg)
<use Images/Capitolo_2/RENK_lato destro_TA.jpg>
Package pdftex.def Info: Images/Capitolo_2/RENK_lato destro_TA.jpg  used on input line 587.
(pdftex.def)             Requested size: 352.81552pt x 299.6427pt.
 [13 <./Images/Capitolo_2/Architettura del RENK.png> <./Images/Capitolo_2/RENK_lato sinistro_motori.jpg>]
<Images/Capitolo_2/Torsiometri.png, id=450, 278.54062pt x 173.14688pt>
File: Images/Capitolo_2/Torsiometri.png Graphic file (type png)
<use Images/Capitolo_2/Torsiometri.png>
Package pdftex.def Info: Images/Capitolo_2/Torsiometri.png  used on input line 596.
(pdftex.def)             Requested size: 220.50887pt x 137.07515pt.
 [14 <./Images/Capitolo_2/RENK_lato destro_TA.jpg> <./Images/Capitolo_2/Torsiometri.png>]
<Images/Capitolo_2/Macchinario_STBF.png, id=460, 298.86656pt x 564.60938pt>
File: Images/Capitolo_2/Macchinario_STBF.png Graphic file (type png)
<use Images/Capitolo_2/Macchinario_STBF.png>
Package pdftex.def Info: Images/Capitolo_2/Macchinario_STBF.png  used on input line 623.
(pdftex.def)             Requested size: 220.50887pt x 416.58102pt.
 [15 <./Images/Capitolo_2/Macchinario_STBF.png>]
<Images/Capitolo_2/Sensori_sulla_STBF.png, id=468, 625.58719pt x 351.56343pt>
File: Images/Capitolo_2/Sensori_sulla_STBF.png Graphic file (type png)
<use Images/Capitolo_2/Sensori_sulla_STBF.png>
Package pdftex.def Info: Images/Capitolo_2/Sensori_sulla_STBF.png  used on input line 634.
(pdftex.def)             Requested size: 441.01773pt x 247.84688pt.
<Images/Capitolo_2/Pont_estensimetrici_STBF.png, id=471, 340.27126pt x 396.7322pt>
File: Images/Capitolo_2/Pont_estensimetrici_STBF.png Graphic file (type png)
<use Images/Capitolo_2/Pont_estensimetrici_STBF.png>
Package pdftex.def Info: Images/Capitolo_2/Pont_estensimetrici_STBF.png  used on input line 645.
(pdftex.def)             Requested size: 352.81552pt x 411.38101pt.
 [16 <./Images/Capitolo_2/Sensori_sulla_STBF.png>] [17 <./Images/Capitolo_2/Pont_estensimetrici_STBF.png>] [18]
<Images/Capitolo_3/Ingombro_bilancino.png, id=487, 840.89156pt x 534.49687pt>
File: Images/Capitolo_3/Ingombro_bilancino.png Graphic file (type png)
<use Images/Capitolo_3/Ingombro_bilancino.png>
Package pdftex.def Info: Images/Capitolo_3/Ingombro_bilancino.png  used on input line 691.
(pdftex.def)             Requested size: 198.45662pt x 126.14505pt.
<Images/Capitolo_3/Ingombro_bilancino (2).png, id=488, 913.91437pt x 524.71031pt>
File: Images/Capitolo_3/Ingombro_bilancino (2).png Graphic file (type png)
<use Images/Capitolo_3/Ingombro_bilancino (2).png>
Package pdftex.def Info: Images/Capitolo_3/Ingombro_bilancino (2).png  used on input line 697.
(pdftex.def)             Requested size: 198.45662pt x 113.9394pt.
<Images/Capitolo_3/Bilancino_da_solo.png, id=490, 723.45282pt x 553.31718pt>
File: Images/Capitolo_3/Bilancino_da_solo.png Graphic file (type png)
<use Images/Capitolo_3/Bilancino_da_solo.png>
Package pdftex.def Info: Images/Capitolo_3/Bilancino_da_solo.png  used on input line 714.
(pdftex.def)             Requested size: 396.91325pt x 303.57396pt.
 [19 <./Images/Capitolo_3/Ingombro_bilancino.png> <./Images/Capitolo_3/Ingombro_bilancino (2).png>]
<Images/Capitolo_3/vista_in_sezione_bilanciere.png, id=499, 1032.10594pt x 550.30594pt>
File: Images/Capitolo_3/vista_in_sezione_bilanciere.png Graphic file (type png)
<use Images/Capitolo_3/vista_in_sezione_bilanciere.png>
Package pdftex.def Info: Images/Capitolo_3/vista_in_sezione_bilanciere.png  used on input line 721.
(pdftex.def)             Requested size: 396.91325pt x 211.62912pt.
<Images/Capitolo_3/vista_in_sezione_bilanciere (2).png, id=500, 984.67876pt x 611.28375pt>
File: Images/Capitolo_3/vista_in_sezione_bilanciere (2).png Graphic file (type png)
<use Images/Capitolo_3/vista_in_sezione_bilanciere (2).png>
Package pdftex.def Info: Images/Capitolo_3/vista_in_sezione_bilanciere (2).png  used on input line 728.
(pdftex.def)             Requested size: 396.91325pt x 246.40263pt.
 [20 <./Images/Capitolo_3/Bilancino_da_solo.png> <./Images/Capitolo_3/vista_in_sezione_bilanciere.png>]
<Images/Capitolo_3/Dettaglio_bloccco_cinematico.png, id=507, 370.38374pt x 520.19344pt>
File: Images/Capitolo_3/Dettaglio_bloccco_cinematico.png Graphic file (type png)
<use Images/Capitolo_3/Dettaglio_bloccco_cinematico.png>
Package pdftex.def Info: Images/Capitolo_3/Dettaglio_bloccco_cinematico.png  used on input line 754.
(pdftex.def)             Requested size: 176.40439pt x 247.75325pt.
 [21 <./Images/Capitolo_3/vista_in_sezione_bilanciere (2).png>]
<Images/Capitolo_3/Blocco_cinematico.png, id=513, 808.52063pt x 580.41844pt>
File: Images/Capitolo_3/Blocco_cinematico.png Graphic file (type png)
<use Images/Capitolo_3/Blocco_cinematico.png>
Package pdftex.def Info: Images/Capitolo_3/Blocco_cinematico.png  used on input line 762.
(pdftex.def)             Requested size: 396.91325pt x 284.9389pt.
<Images/Capitolo_3/Blocco_cinematico_in_sezione.png, id=514, 786.68906pt x 586.44093pt>
File: Images/Capitolo_3/Blocco_cinematico_in_sezione.png Graphic file (type png)
<use Images/Capitolo_3/Blocco_cinematico_in_sezione.png>
Package pdftex.def Info: Images/Capitolo_3/Blocco_cinematico_in_sezione.png  used on input line 769.
(pdftex.def)             Requested size: 396.91325pt x 295.88634pt.
 [22 <./Images/Capitolo_3/Dettaglio_bloccco_cinematico.png> <./Images/Capitolo_3/Blocco_cinematico.png>]
<Images/Capitolo_3/Bilancino.png, id=521, 1020.81375pt x 564.60938pt>
File: Images/Capitolo_3/Bilancino.png Graphic file (type png)
<use Images/Capitolo_3/Bilancino.png>
Package pdftex.def Info: Images/Capitolo_3/Bilancino.png  used on input line 791.
(pdftex.def)             Requested size: 198.45662pt x 109.7667pt.
<Images/Capitolo_3/Bilancino_in_sezione.png, id=522, 1042.64531pt x 573.64313pt>
File: Images/Capitolo_3/Bilancino_in_sezione.png Graphic file (type png)
<use Images/Capitolo_3/Bilancino_in_sezione.png>
Package pdftex.def Info: Images/Capitolo_3/Bilancino_in_sezione.png  used on input line 797.
(pdftex.def)             Requested size: 198.45662pt x 109.18588pt.
<Images/Capitolo_3/Bilancino_in_sezione(2).png, id=523, 1056.94875pt x 570.63188pt>
File: Images/Capitolo_3/Bilancino_in_sezione(2).png Graphic file (type png)
<use Images/Capitolo_3/Bilancino_in_sezione(2).png>
Package pdftex.def Info: Images/Capitolo_3/Bilancino_in_sezione(2).png  used on input line 809.
(pdftex.def)             Requested size: 198.45662pt x 107.14124pt.
<Images/Capitolo_3/Dettaglio_Bilancino_in_sezione.png, id=524, 649.67719pt x 561.59813pt>
File: Images/Capitolo_3/Dettaglio_Bilancino_in_sezione.png Graphic file (type png)
<use Images/Capitolo_3/Dettaglio_Bilancino_in_sezione.png>
Package pdftex.def Info: Images/Capitolo_3/Dettaglio_Bilancino_in_sezione.png  used on input line 815.
(pdftex.def)             Requested size: 198.45662pt x 171.54854pt.
 [23 <./Images/Capitolo_3/Blocco_cinematico_in_sezione.png> <./Images/Capitolo_3/Bilancino.png> <./Images/Capitolo_3/Bilancino_in_sezione.png>]
<Images/Capitolo_3/Sequenza_montaggio_1.png, id=532, 660.21657pt x 531.48563pt>
File: Images/Capitolo_3/Sequenza_montaggio_1.png Graphic file (type png)
<use Images/Capitolo_3/Sequenza_montaggio_1.png>
Package pdftex.def Info: Images/Capitolo_3/Sequenza_montaggio_1.png  used on input line 832.
(pdftex.def)             Requested size: 220.50887pt x 177.51556pt.
<Images/Capitolo_3/Sequenza_montaggio_2.png, id=534, 819.8128pt x 515.67656pt>
File: Images/Capitolo_3/Sequenza_montaggio_2.png Graphic file (type png)
<use Images/Capitolo_3/Sequenza_montaggio_2.png>
Package pdftex.def Info: Images/Capitolo_3/Sequenza_montaggio_2.png  used on input line 842.
(pdftex.def)             Requested size: 220.50887pt x 138.69946pt.
 [24 <./Images/Capitolo_3/Bilancino_in_sezione(2).png> <./Images/Capitolo_3/Dettaglio_Bilancino_in_sezione.png> <./Images/Capitolo_3/Sequenza_montaggio_1.png>]
<Images/Capitolo_3/Sequenza_montaggio_3.png, id=545, 532.99126pt x 533.74406pt>
File: Images/Capitolo_3/Sequenza_montaggio_3.png Graphic file (type png)
<use Images/Capitolo_3/Sequenza_montaggio_3.png>
Package pdftex.def Info: Images/Capitolo_3/Sequenza_montaggio_3.png  used on input line 851.
(pdftex.def)             Requested size: 198.45662pt x 198.73642pt.
<Images/Capitolo_3/Sequenza_montaggio_3.1.png, id=546, 735.49782pt x 526.96875pt>
File: Images/Capitolo_3/Sequenza_montaggio_3.1.png Graphic file (type png)
<use Images/Capitolo_3/Sequenza_montaggio_3.1.png>
Package pdftex.def Info: Images/Capitolo_3/Sequenza_montaggio_3.1.png  used on input line 860.
(pdftex.def)             Requested size: 198.45662pt x 142.18697pt.
<Images/Capitolo_3/Sequenza_montaggio_3.2.png, id=547, 764.8575pt x 521.69907pt>
File: Images/Capitolo_3/Sequenza_montaggio_3.2.png Graphic file (type png)
<use Images/Capitolo_3/Sequenza_montaggio_3.2.png>
Package pdftex.def Info: Images/Capitolo_3/Sequenza_montaggio_3.2.png  used on input line 866.
(pdftex.def)             Requested size: 198.45662pt x 135.35994pt.
 [25 <./Images/Capitolo_3/Sequenza_montaggio_2.png> <./Images/Capitolo_3/Sequenza_montaggio_3.png> <./Images/Capitolo_3/Sequenza_montaggio_3.1.png> <./Images/Capitolo_3/Sequenza_montaggio_3.2.png>]
<Images/Capitolo_3/Sequenza_montaggio_4.png, id=559, 1002.74625pt x 408.77719pt>
File: Images/Capitolo_3/Sequenza_montaggio_4.png Graphic file (type png)
<use Images/Capitolo_3/Sequenza_montaggio_4.png>
Package pdftex.def Info: Images/Capitolo_3/Sequenza_montaggio_4.png  used on input line 878.
(pdftex.def)             Requested size: 441.01773pt x 179.78766pt.
<Images/Capitolo_3/Sequenza_montaggio_5.png, id=560, 562.35094pt x 519.44063pt>
File: Images/Capitolo_3/Sequenza_montaggio_5.png Graphic file (type png)
<use Images/Capitolo_3/Sequenza_montaggio_5.png>
Package pdftex.def Info: Images/Capitolo_3/Sequenza_montaggio_5.png  used on input line 889.
(pdftex.def)             Requested size: 220.50887pt x 203.68274pt.
<Images/Capitolo_3/Sequenza_montaggio_5.1.png, id=561, 793.46437pt x 514.92375pt>
File: Images/Capitolo_3/Sequenza_montaggio_5.1.png Graphic file (type png)
<use Images/Capitolo_3/Sequenza_montaggio_5.1.png>
Package pdftex.def Info: Images/Capitolo_3/Sequenza_montaggio_5.1.png  used on input line 898.
(pdftex.def)             Requested size: 352.81552pt x 228.96356pt.
 [26 <./Images/Capitolo_3/Sequenza_montaggio_4.png> <./Images/Capitolo_3/Sequenza_montaggio_5.png>]
<Images/Capitolo_3/Sequenza_montaggio_5.2.png, id=571, 735.49782pt x 563.10374pt>
File: Images/Capitolo_3/Sequenza_montaggio_5.2.png Graphic file (type png)
<use Images/Capitolo_3/Sequenza_montaggio_5.2.png>
Package pdftex.def Info: Images/Capitolo_3/Sequenza_montaggio_5.2.png  used on input line 907.
(pdftex.def)             Requested size: 352.81552pt x 270.12347pt.
<Images/Capitolo_3/Sequenza_montaggio_6.png, id=572, 599.23875pt x 484.81125pt>
File: Images/Capitolo_3/Sequenza_montaggio_6.png Graphic file (type png)
<use Images/Capitolo_3/Sequenza_montaggio_6.png>
Package pdftex.def Info: Images/Capitolo_3/Sequenza_montaggio_6.png  used on input line 916.
(pdftex.def)             Requested size: 352.81552pt x 285.45174pt.
 [27 <./Images/Capitolo_3/Sequenza_montaggio_5.1.png> <./Images/Capitolo_3/Sequenza_montaggio_5.2.png>]
<Images/Capitolo_3/Sequenza_montaggio_6.1.png, id=580, 967.36406pt x 357.58594pt>
File: Images/Capitolo_3/Sequenza_montaggio_6.1.png Graphic file (type png)
<use Images/Capitolo_3/Sequenza_montaggio_6.1.png>
Package pdftex.def Info: Images/Capitolo_3/Sequenza_montaggio_6.1.png  used on input line 923.
(pdftex.def)             Requested size: 352.81552pt x 130.41682pt.
 [28 <./Images/Capitolo_3/Sequenza_montaggio_6.png> <./Images/Capitolo_3/Sequenza_montaggio_6.1.png>] [29] [30] [31]
<Images/Capitolo_3/Prima serie di caricamento.png, id=604, 633.11531pt x 371.13657pt>
File: Images/Capitolo_3/Prima serie di caricamento.png Graphic file (type png)
<use Images/Capitolo_3/Prima serie di caricamento.png>
Package pdftex.def Info: Images/Capitolo_3/Prima serie di caricamento.png  used on input line 1080.
(pdftex.def)             Requested size: 352.81552pt x 206.82703pt.
 [32]
<Images/Capitolo_3/Seconda serie di caricamento.png, id=610, 268.75406pt x 364.36125pt>
File: Images/Capitolo_3/Seconda serie di caricamento.png Graphic file (type png)
<use Images/Capitolo_3/Seconda serie di caricamento.png>
Package pdftex.def Info: Images/Capitolo_3/Seconda serie di caricamento.png  used on input line 1106.
(pdftex.def)             Requested size: 132.30666pt x 179.37253pt.
 [33 <./Images/Capitolo_3/Prima serie di caricamento.png>]
<Images/Capitolo_3/Terza serie di caricamento.png, id=617, 342.5297pt x 370.38374pt>
File: Images/Capitolo_3/Terza serie di caricamento.png Graphic file (type png)
<use Images/Capitolo_3/Terza serie di caricamento.png>
Package pdftex.def Info: Images/Capitolo_3/Terza serie di caricamento.png  used on input line 1137.
(pdftex.def)             Requested size: 132.30666pt x 143.07008pt.
 [34 <./Images/Capitolo_3/Seconda serie di caricamento.png>]
<Images/Capitolo_3/serie di caricamento.png, id=624, 615.0478pt x 178.41656pt>
File: Images/Capitolo_3/serie di caricamento.png Graphic file (type png)
<use Images/Capitolo_3/serie di caricamento.png>
Package pdftex.def Info: Images/Capitolo_3/serie di caricamento.png  used on input line 1147.
(pdftex.def)             Requested size: 441.01773pt x 127.93439pt.
 [35 <./Images/Capitolo_3/Terza serie di caricamento.png> <./Images/Capitolo_3/serie di caricamento.png>]
<Images/Capitolo_4/Base.png, id=631, 608.2725pt x 481.04718pt>
File: Images/Capitolo_4/Base.png Graphic file (type png)
<use Images/Capitolo_4/Base.png>
Package pdftex.def Info: Images/Capitolo_4/Base.png  used on input line 1200.
(pdftex.def)             Requested size: 176.40439pt x 139.50745pt.
<Images/Capitolo_4/Provino.png, id=633, 381.67593pt x 499.11469pt>
File: Images/Capitolo_4/Provino.png Graphic file (type png)
<use Images/Capitolo_4/Provino.png>
Package pdftex.def Info: Images/Capitolo_4/Provino.png  used on input line 1211.
(pdftex.def)             Requested size: 110.25443pt x 144.17596pt.
 [36 <./Images/Capitolo_4/Base.png>]
<Images/Capitolo_4/Rullo.png, id=640, 527.72156pt x 383.93437pt>
File: Images/Capitolo_4/Rullo.png Graphic file (type png)
<use Images/Capitolo_4/Rullo.png>
Package pdftex.def Info: Images/Capitolo_4/Rullo.png  used on input line 1222.
(pdftex.def)             Requested size: 110.25443pt x 80.21265pt.
<Images/Capitolo_4/Provino_intero.png, id=641, 533.74406pt x 549.55313pt>
File: Images/Capitolo_4/Provino_intero.png Graphic file (type png)
<use Images/Capitolo_4/Provino_intero.png>
Package pdftex.def Info: Images/Capitolo_4/Provino_intero.png  used on input line 1234.
(pdftex.def)             Requested size: 198.45662pt x 204.33772pt.
<Images/Capitolo_4/Estensimetri.png, id=642, 423.08063pt x 188.20313pt>
File: Images/Capitolo_4/Estensimetri.png Graphic file (type png)
<use Images/Capitolo_4/Estensimetri.png>
Package pdftex.def Info: Images/Capitolo_4/Estensimetri.png  used on input line 1241.
(pdftex.def)             Requested size: 308.71106pt x 137.3297pt.
 [37 <./Images/Capitolo_4/Provino.png> <./Images/Capitolo_4/Rullo.png> <./Images/Capitolo_4/Provino_intero.png>]
<Images/Capitolo_4/Superfici_di_riferimento.png, id=651, 362.10281pt x 367.3725pt>
File: Images/Capitolo_4/Superfici_di_riferimento.png Graphic file (type png)
<use Images/Capitolo_4/Superfici_di_riferimento.png>
Package pdftex.def Info: Images/Capitolo_4/Superfici_di_riferimento.png  used on input line 1248.
(pdftex.def)             Requested size: 264.61333pt x 268.46556pt.
<Images/Capitolo_4/Superfici_di_riferimento_dall_alto.png, id=652, 331.99031pt x 124.21407pt>
File: Images/Capitolo_4/Superfici_di_riferimento_dall_alto.png Graphic file (type png)
<use Images/Capitolo_4/Superfici_di_riferimento_dall_alto.png>
Package pdftex.def Info: Images/Capitolo_4/Superfici_di_riferimento_dall_alto.png  used on input line 1255.
(pdftex.def)             Requested size: 441.01773pt x 165.01686pt.
<Images/Capitolo_4/Posizionamento_in_macchina.png, id=653, 350.05782pt x 439.6425pt>
File: Images/Capitolo_4/Posizionamento_in_macchina.png Graphic file (type png)
<use Images/Capitolo_4/Posizionamento_in_macchina.png>
Package pdftex.def Info: Images/Capitolo_4/Posizionamento_in_macchina.png  used on input line 1262.
(pdftex.def)             Requested size: 441.01773pt x 553.91893pt.
 [38 <./Images/Capitolo_4/Estensimetri.png> <./Images/Capitolo_4/Superfici_di_riferimento.png> <./Images/Capitolo_4/Superfici_di_riferimento_dall_alto.png>]
<Images/Capitolo_4/Posizionamento_nel_cad_davanti.png, id=661, 497.60907pt x 459.96844pt>
File: Images/Capitolo_4/Posizionamento_nel_cad_davanti.png Graphic file (type png)
<use Images/Capitolo_4/Posizionamento_nel_cad_davanti.png>
Package pdftex.def Info: Images/Capitolo_4/Posizionamento_nel_cad_davanti.png  used on input line 1269.
(pdftex.def)             Requested size: 352.81552pt x 326.13069pt.
 [39 <./Images/Capitolo_4/Posizionamento_in_macchina.png>]
<Images/Capitolo_4/Posizionamento_nel_cad.png, id=667, 446.41782pt x 378.66469pt>
File: Images/Capitolo_4/Posizionamento_nel_cad.png Graphic file (type png)
<use Images/Capitolo_4/Posizionamento_nel_cad.png>
Package pdftex.def Info: Images/Capitolo_4/Posizionamento_nel_cad.png  used on input line 1276.
(pdftex.def)             Requested size: 352.81552pt x 299.2747pt.
 [40 <./Images/Capitolo_4/Posizionamento_nel_cad_davanti.png> <./Images/Capitolo_4/Posizionamento_nel_cad.png>]
<Images/Capitolo_4/Vincolo_simmetria.png, id=675, 148.30406pt x 227.34938pt>
File: Images/Capitolo_4/Vincolo_simmetria.png Graphic file (type png)
<use Images/Capitolo_4/Vincolo_simmetria.png>
Package pdftex.def Info: Images/Capitolo_4/Vincolo_simmetria.png  used on input line 1293.
(pdftex.def)             Requested size: 138.91902pt x 212.96953pt.
<Images/Capitolo_4/Carico_assiale.png, id=676, 165.61874pt x 227.34938pt>
File: Images/Capitolo_4/Carico_assiale.png Graphic file (type png)
<use Images/Capitolo_4/Carico_assiale.png>
Package pdftex.def Info: Images/Capitolo_4/Carico_assiale.png  used on input line 1299.
(pdftex.def)             Requested size: 138.91902pt x 190.70505pt.
 [41]
<Images/Capitolo_4/Rotazione_imposta.png, id=681, 157.33781pt x 227.34938pt>
File: Images/Capitolo_4/Rotazione_imposta.png Graphic file (type png)
<use Images/Capitolo_4/Rotazione_imposta.png>
Package pdftex.def Info: Images/Capitolo_4/Rotazione_imposta.png  used on input line 1311.
(pdftex.def)             Requested size: 138.91902pt x 200.74452pt.
<Images/Capitolo_4/Vincolo_di_incastro.png, id=682, 151.3153pt x 227.34938pt>
File: Images/Capitolo_4/Vincolo_di_incastro.png Graphic file (type png)
<use Images/Capitolo_4/Vincolo_di_incastro.png>
Package pdftex.def Info: Images/Capitolo_4/Vincolo_di_incastro.png  used on input line 1317.
(pdftex.def)             Requested size: 138.91902pt x 208.72685pt.
<Images/Capitolo_4/Risultati_simulazione.png, id=683, 794.97pt x 261.22594pt>
File: Images/Capitolo_4/Risultati_simulazione.png Graphic file (type png)
<use Images/Capitolo_4/Risultati_simulazione.png>
Package pdftex.def Info: Images/Capitolo_4/Risultati_simulazione.png  used on input line 1329.
(pdftex.def)             Requested size: 441.01773pt x 144.9223pt.
 [42 <./Images/Capitolo_4/Vincolo_simmetria.png> <./Images/Capitolo_4/Carico_assiale.png> <./Images/Capitolo_4/Rotazione_imposta.png> <./Images/Capitolo_4/Vincolo_di_incastro.png>]
<Images/Capitolo_4/Risulati_in_direzione_trasversale.png, id=692, 820.56563pt x 429.10312pt>
File: Images/Capitolo_4/Risulati_in_direzione_trasversale.png Graphic file (type png)
<use Images/Capitolo_4/Risulati_in_direzione_trasversale.png>
Package pdftex.def Info: Images/Capitolo_4/Risulati_in_direzione_trasversale.png  used on input line 1355.
(pdftex.def)             Requested size: 441.01773pt x 230.61877pt.
<Images/Capitolo_4/Posizionamento_ponti_estensimetrici.png, id=693, 288.3272pt x 465.23813pt>
File: Images/Capitolo_4/Posizionamento_ponti_estensimetrici.png Graphic file (type png)
<use Images/Capitolo_4/Posizionamento_ponti_estensimetrici.png>
Package pdftex.def Info: Images/Capitolo_4/Posizionamento_ponti_estensimetrici.png  used on input line 1377.
(pdftex.def)             Requested size: 198.45662pt x 320.23376pt.
 [43 <./Images/Capitolo_4/Risultati_simulazione.png> <./Images/Capitolo_4/Risulati_in_direzione_trasversale.png>] [44 <./Images/Capitolo_4/Posizionamento_ponti_estensimetrici.png>] [45] [46] [47] [48] (./Tesi.aux)
 ***********
LaTeX2e <2025-11-01>
L3 programming layer <2025-12-29>
 ***********
Package rerunfilecheck Info: File `Tesi.out' has not changed.
(rerunfilecheck)             Checksum: 4EBBC6844AA5AB7FC1A54CBF5717ADA4;11094.
 ) 
Here is how much of TeX's memory you used:
 18918 strings out of 467538
 317251 string characters out of 5423725
 858751 words of memory out of 5000000
 47348 multiletter control sequences out of 15000+600000
 642120 words of font info for 74 fonts, out of 8000000 for 9000
 1141 hyphenation exceptions out of 8191
 108i,17n,117p,1159b,751s stack positions out of 10000i,1000n,20000p,200000b,200000s
<c:/texlive/2025/texmf-dist/fonts/type1/public/amsfonts/cm/cmbx12.pfb><c:/texlive/2025/texmf-dist/fonts/type1/public/amsfonts/cm/cmbx8.pfb><c:/texlive/2025/texmf-dist/fonts/type1/public/amsfonts/cm/cmex10.pfb><c:/texlive/2025/texmf-dist/fonts/type1/public/amsfonts/cm/cmmi12.pfb><c:/texlive/2025/texmf-dist/fonts/type1/public/amsfonts/cm/cmmi8.pfb><c:/texlive/2025/texmf-dist/fonts/type1/public/amsfonts/cm/cmr12.pfb><c:/texlive/2025/texmf-dist/fonts/type1/public/amsfonts/cm/cmr6.pfb><c:/texlive/2025/texmf-dist/fonts/type1/public/amsfonts/cm/cmr8.pfb><c:/texlive/2025/texmf-dist/fonts/type1/public/amsfonts/cm/cmsy10.pfb><c:/texlive/2025/texmf-dist/fonts/type1/public/amsfonts/cm/cmsy8.pfb><c:/texlive/2025/texmf-dist/fonts/type1/public/cm-super/sfbx1200.pfb><c:/texlive/2025/texmf-dist/fonts/type1/public/cm-super/sfbx1440.pfb><c:/texlive/2025/texmf-dist/fonts/type1/public/cm-super/sfbx1728.pfb><c:/texlive/2025/texmf-dist/fonts/type1/public/cm-super/sfrm0800.pfb><c:/texlive/2025/texmf-dist/fonts/type1/public/cm-super/sfrm1095.pfb><c:/texlive/2025/texmf-dist/fonts/type1/public/cm-super/sfrm1200.pfb><c:/texlive/2025/texmf-dist/fonts/type1/public/cm-super/sfrm1440.pfb><c:/texlive/2025/texmf-dist/fonts/type1/public/cm-super/sfrm2074.pfb><c:/texlive/2025/texmf-dist/fonts/type1/public/cm-super/sfti1200.pfb>
Output written on Tesi.pdf (54 pages, 4414841 bytes).
PDF statistics:
 860 PDF objects out of 1000 (max. 8388607)
 653 compressed objects within 7 object streams
 181 named destinations out of 1000 (max. 500000)
 631 words of extra memory for PDF output out of 10000 (max. 10000000)

