\BOOKMARK [1][-]{section.0}{\376\377\000I\000n\000t\000r\000o\000d\000u\000z\000i\000o\000n\000e}{}% 1
\BOOKMARK [2][-]{subsection.0.1}{\376\377\000C\000o\000n\000t\000e\000s\000t\000o\000\040\000d\000i\000\040\000r\000i\000f\000e\000r\000i\000m\000e\000n\000t\000o\000\040\000e\000\040\000o\000b\000i\000e\000t\000t\000i\000v\000i\000\040\000d\000e\000l\000\040\000t\000i\000r\000o\000c\000i\000n\000i\000o}{section.0}% 2
\BOOKMARK [2][-]{subsection.0.2}{\376\377\000I\000\040\000s\000i\000s\000t\000e\000m\000i\000\040\000d\000i\000\040\000p\000r\000o\000v\000a\000\040\000p\000e\000r\000\040\000t\000r\000a\000s\000m\000i\000s\000s\000i\000o\000n\000i\000\040\000m\000e\000c\000c\000a\000n\000i\000c\000h\000e\000\040\000e\000\040\000i\000l\000\040\000r\000u\000o\000l\000o\000\040\000d\000e\000l\000l\000a\000\040\000m\000e\000t\000r\000o\000l\000o\000g\000i\000a}{section.0}% 3
\BOOKMARK [1][-]{section.1}{\376\377\000C\000A\000P\000I\000T\000O\000L\000O\000\040\0001\000\040\000-\000\040\000R\000I\000F\000E\000R\000I\000M\000E\000N\000T\000I\000\040\000N\000O\000R\000M\000A\000T\000I\000V\000I\000\040\000E\000\040\000M\000E\000T\000R\000O\000L\000O\000G\000I\000C\000I}{}% 4
\BOOKMARK [2][-]{subsection.1.1}{\376\377\000L\000a\000\040\000m\000e\000t\000r\000o\000l\000o\000g\000i\000a\000\040\000n\000e\000i\000\040\000l\000a\000b\000o\000r\000a\000t\000o\000r\000i\000\040\000d\000i\000\040\000p\000r\000o\000v\000a}{section.1}% 5
\BOOKMARK [2][-]{subsection.1.2}{\376\377\0001\000.\0002\000\040\000L\000a\000\040\000n\000o\000r\000m\000a\000t\000i\000v\000a\000\040\000U\000N\000I\000\040\000E\000N\000\040\000I\000S\000O\000\040\0001\0007\0000\0002\0005}{section.1}% 6
\BOOKMARK [2][-]{subsection.1.3}{\376\377\000V\000a\000l\000u\000t\000a\000z\000i\000o\000n\000e\000\040\000d\000e\000l\000l\000'\000i\000n\000c\000e\000r\000t\000e\000z\000z\000a\000\040\000d\000i\000\040\000m\000i\000s\000u\000r\000a}{section.1}% 7
\BOOKMARK [1][-]{section.2}{\376\377\000C\000A\000P\000I\000T\000O\000L\000O\000\040\0002\000\040\000-\000\040\000D\000E\000S\000C\000R\000I\000Z\000I\000O\000N\000E\000\040\000D\000E\000I\000\040\000S\000I\000S\000T\000E\000M\000I\000\040\000D\000I\000\040\000P\000R\000O\000V\000A}{}% 8
\BOOKMARK [2][-]{subsection.2.1}{\376\377\000B\000a\000n\000c\000o\000\040\000p\000r\000o\000v\000a\000\040\000i\000n\000g\000r\000a\000n\000a\000g\000g\000i\000\040\000R\000e\000n\000k}{section.2}% 9
\BOOKMARK [2][-]{subsection.2.2}{\376\377\000M\000a\000c\000c\000h\000i\000n\000a\000\040\000p\000e\000r\000\040\000t\000e\000s\000t\000\040\000S\000T\000B\000F}{section.2}% 10
\BOOKMARK [1][-]{section.3}{\376\377\000C\000A\000P\000I\000T\000O\000L\000O\000\040\0003\000\040\000-\000\040\000S\000I\000S\000T\000E\000M\000A\000\040\000D\000I\000\040\000T\000A\000R\000A\000T\000U\000R\000A\000\040\000D\000E\000I\000\040\000T\000O\000R\000S\000I\000O\000M\000E\000T\000R\000I}{}% 11
\BOOKMARK [2][-]{subsection.3.1}{\376\377\000A\000n\000a\000l\000i\000s\000i\000\040\000d\000e\000l\000l\000e\000\040\000e\000s\000i\000g\000e\000n\000z\000e\000\040\000m\000e\000t\000r\000o\000l\000o\000g\000i\000c\000h\000e}{section.3}% 12
\BOOKMARK [2][-]{subsection.3.2}{\376\377\000P\000r\000o\000g\000e\000t\000t\000a\000a\000z\000i\000o\000n\000e\000\040\000d\000e\000l\000\040\000s\000i\000s\000t\000e\000m\000a\000\040\000d\000i\000\040\000t\000a\000r\000a\000t\000u\000r\000a}{section.3}% 13
\BOOKMARK [2][-]{subsection.3.3}{\376\377\000S\000e\000q\000u\000e\000n\000z\000a\000\040\000d\000i\000\040\000m\000o\000n\000t\000a\000g\000g\000i\000o}{section.3}% 14
\BOOKMARK [2][-]{subsection.3.4}{\376\377\000R\000e\000a\000l\000i\000z\000z\000a\000z\000i\000o\000n\000e\000\040\000e\000\040\000c\000o\000l\000l\000a\000u\000d\000o}{section.3}% 15
\BOOKMARK [2][-]{subsection.3.5}{\376\377\000P\000r\000o\000c\000e\000d\000u\000r\000a\000\040\000d\000i\000\040\000t\000a\000r\000a\000t\000u\000r\000a}{section.3}% 16
\BOOKMARK [2][-]{subsection.3.6}{\376\377\000A\000n\000a\000l\000i\000s\000i\000\040\000d\000e\000i\000\040\000r\000i\000s\000u\000l\000t\000a\000t\000i\000\040\000s\000p\000e\000r\000i\000m\000e\000n\000t\000a\000l\000i}{section.3}% 17
\BOOKMARK [1][-]{section.4}{\376\377\000C\000A\000P\000I\000T\000O\000L\000O\000\040\0004\000\040\000-\000\040\000S\000I\000S\000T\000E\000M\000A\000\040\000D\000I\000\040\000V\000E\000R\000I\000F\000I\000C\000A\000\040\000D\000I\000\040\000C\000E\000L\000L\000A\000\040\000D\000I\000\040\000C\000A\000R\000I\000C\000O\000\040\000E\000\040\000P\000O\000N\000T\000I\000\040\000E\000S\000T\000E\000N\000S\000I\000M\000E\000T\000R\000I\000C\000I}{}% 18
\BOOKMARK [2][-]{subsection.4.1}{\376\377\000A\000n\000a\000l\000i\000s\000i\000\040\000d\000e\000l\000l\000a\000\040\000c\000a\000t\000e\000n\000a\000\040\000d\000i\000\040\000m\000i\000s\000u\000r\000a\000\040\000d\000e\000l\000l\000a\000\040\000f\000o\000r\000z\000a}{section.4}% 19
\BOOKMARK [2][-]{subsection.4.2}{\376\377\000P\000r\000o\000g\000e\000t\000t\000a\000z\000o\000n\000e\000\040\000d\000e\000l\000\040\000s\000i\000s\000t\000e\000m\000a\000\040\000d\000i\000\040\000v\000e\000r\000i\000f\000i\000c\000a}{section.4}% 20
\BOOKMARK [2][-]{subsection.4.3}{\376\377\000R\000e\000a\000l\000i\000z\000z\000a\000z\000i\000o\000n\000e\000\040\000e\000\040\000c\000o\000l\000l\000a\000u\000d\000o}{section.4}% 21
\BOOKMARK [2][-]{subsection.4.4}{\376\377\000P\000r\000o\000c\000e\000d\000u\000r\000a\000\040\000d\000i\000\040\000v\000e\000r\000i\000f\000i\000c\000a}{section.4}% 22
\BOOKMARK [2][-]{subsection.4.5}{\376\377\000A\000n\000a\000l\000i\000s\000i\000\040\000d\000e\000l\000l\000e\000\040\000p\000r\000e\000s\000t\000a\000z\000i\000o\000n\000i\000\040\000m\000e\000t\000r\000o\000l\000o\000g\000i\000c\000h\000e}{section.4}% 23
\BOOKMARK [1][-]{section.5}{\376\377\000C\000A\000P\000I\000T\000O\000L\000O\000\040\0005\000\040\000-\000\040\000C\000O\000N\000F\000R\000O\000N\000T\000O\000\040\000C\000O\000N\000\040\000R\000E\000Q\000U\000I\000S\000I\000T\000I\000\040\000I\000S\000O\000\040\0001\0007\0000\0002\0005}{}% 24
\BOOKMARK [2][-]{subsection.5.1}{\376\377\000A\000d\000e\000g\000u\000a\000t\000e\000z\000z\000a\000\040\000m\000e\000t\000r\000o\000l\000o\000g\000i\000c\000a}{section.5}% 25
\BOOKMARK [2][-]{subsection.5.2}{\376\377\000M\000a\000r\000g\000i\000n\000i\000\040\000d\000i\000\040\000m\000i\000g\000l\000i\000o\000r\000a\000m\000e\000n\000t\000o}{section.5}% 26
\BOOKMARK [1][-]{section.6}{\376\377\000C\000A\000P\000I\000T\000O\000L\000O\000\040\0006\000\040\000-\000\040\000G\000E\000S\000T\000I\000O\000N\000E\000\040\000D\000E\000L\000L\000A\000\040\000S\000T\000R\000U\000M\000E\000N\000T\000A\000Z\000I\000O\000N\000E\000\040\000E\000\040\000P\000R\000O\000C\000E\000S\000S\000I\000\040\000D\000I\000\040\000Q\000U\000A\000L\000I\000T\000\300}{}% 27
\BOOKMARK [2][-]{subsection.6.1}{\376\377\000P\000r\000o\000c\000e\000d\000u\000r\000e\000\040\000d\000i\000\040\000g\000e\000s\000t\000i\000o\000n\000e\000\040\000d\000e\000l\000l\000a\000\040\000s\000t\000u\000m\000e\000n\000t\000a\000z\000i\000o\000n\000e}{section.6}% 28
\BOOKMARK [2][-]{subsection.6.2}{\376\377\000T\000r\000a\000c\000c\000i\000a\000b\000i\000l\000i\000t\000\340\000\040\000m\000e\000t\000r\000o\000l\000o\000g\000i\000c\000a}{section.6}% 29
\BOOKMARK [2][-]{subsection.6.3}{\376\377\000P\000i\000a\000n\000o\000\040\000d\000i\000\040\000t\000a\000r\000a\000t\000u\000r\000a\000\040\000p\000e\000r\000i\000o\000d\000i\000c\000a}{section.6}% 30
\BOOKMARK [2][-]{subsection.6.4}{\376\377\000I\000n\000t\000e\000g\000r\000a\000z\000i\000o\000n\000e\000\040\000n\000e\000l\000\040\000s\000i\000s\000t\000e\000m\000a\000\040\000q\000u\000a\000l\000i\000t\000\340\000\040\000a\000z\000i\000e\000n\000d\000a\000l\000e}{section.6}% 31
\BOOKMARK [1][-]{section.7}{\376\377\000C\000A\000P\000I\000T\000O\000L\000O\000\040\0007\000\040\000-\000\040\000C\000O\000N\000C\000L\000U\000S\000I\000O\000N\000I}{}% 32
\BOOKMARK [1][-]{section.8}{\376\377\000A\000P\000P\000E\000N\000D\000I\000C\000I}{}% 33
